<?xml version="1.0" encoding="UTF-8"?>
<!-- Generated by org.testng.reporters.JUnitReportReporter -->
<testsuite name="TestNg_Tutorial.Test1" tests="2" time="0.022" ignored="6" failures="1" timestamp="13 Aug 2020 12:00:18 GMT" skipped="0" hostname="ADMINRG-MKE61HL" errors="0">
  <testcase name="secondMethod" time="0.008" classname="TestNg_Tutorial.Test1">
    <failure type="java.lang.AssertionError" message="expected [true] but found [false]">
      <![CDATA[java.lang.AssertionError: expected [true] but found [false]
	at org.testng.Assert.fail(Assert.java:94)
	at org.testng.Assert.failNotEquals(Assert.java:513)
	at org.testng.Assert.assertTrue(Assert.java:42)
	at org.testng.Assert.assertTrue(Assert.java:52)
	at TestNg_Tutorial.Test1.secondMethod(Test1.java:51)
	at sun.reflect.NativeMethodAccessorImpl.invoke0(Native Method)
	at sun.reflect.NativeMethodAccessorImpl.invoke(NativeMethodAccessorImpl.java:62)
	at sun.reflect.DelegatingMethodAccessorImpl.invoke(DelegatingMethodAccessorImpl.java:43)
	at java.lang.reflect.Method.invoke(Method.java:498)
	at org.testng.internal.MethodInvocationHelper.invokeMethod(MethodInvocationHelper.java:104)
	at org.testng.internal.Invoker.invokeMethod(Invoker.java:645)
	at org.testng.internal.Invoker.invokeTestMethod(Invoker.java:851)
	at org.testng.internal.Invoker.invokeTestMethods(Invoker.java:1177)
	at org.testng.internal.TestMethodWorker.invokeTestMethods(TestMethodWorker.java:129)
	at org.testng.internal.TestMethodWorker.run(TestMethodWorker.java:112)
	at java.util.concurrent.ThreadPoolExecutor.runWorker(ThreadPoolExecutor.java:1149)
	at java.util.concurrent.ThreadPoolExecutor$Worker.run(ThreadPoolExecutor.java:624)
	at java.lang.Thread.run(Thread.java:748)
]]>
    </failure>
  </testcase> <!-- secondMethod -->
  <testcase name="demo" time="0.014" classname="TestNg_Tutorial.Test1"/>
  <testcase name="zMethod" classname="TestNg_Tutorial.Test1">
    <skipped/>
  </testcase> <!-- zMethod -->
  <testcase name="mobileLoginCarLoan" classname="TestNg_Tutorial.Test3">
    <skipped/>
  </testcase> <!-- mobileLoginCarLoan -->
  <testcase name="mobilesignOutLoan" classname="TestNg_Tutorial.Test3">
    <skipped/>
  </testcase> <!-- mobilesignOutLoan -->
  <testcase name="mobilesignInLoan" classname="TestNg_Tutorial.Test3">
    <skipped/>
  </testcase> <!-- mobilesignInLoan -->
  <testcase name="loginAPIHomeLoan" classname="TestNg_Tutorial.Test4">
    <skipped/>
  </testcase> <!-- loginAPIHomeLoan -->
  <testcase name="webLoginHomeLoan" classname="TestNg_Tutorial.Test4">
    <skipped/>
  </testcase> <!-- webLoginHomeLoan -->
</testsuite> <!-- TestNg_Tutorial.Test1 -->
