<?xml version="1.0" encoding="UTF-8"?>
<!-- Generated by org.testng.reporters.JUnitReportReporter -->
<testsuite name="TestNg_Tutorial.Test4" tests="1" time="0.005" ignored="6" failures="0" timestamp="13 Aug 2020 12:00:18 GMT" skipped="0" hostname="ADMINRG-MKE61HL" errors="0">
  <testcase name="mobileLoginHomeLoan" time="0.005" classname="TestNg_Tutorial.Test4"/>
  <testcase name="zMethod" classname="TestNg_Tutorial.Test1">
    <skipped/>
  </testcase> <!-- zMethod -->
  <testcase name="mobileLoginCarLoan" classname="TestNg_Tutorial.Test3">
    <skipped/>
  </testcase> <!-- mobileLoginCarLoan -->
  <testcase name="mobilesignOutLoan" classname="TestNg_Tutorial.Test3">
    <skipped/>
  </testcase> <!-- mobilesignOutLoan -->
  <testcase name="mobilesignInLoan" classname="TestNg_Tutorial.Test3">
    <skipped/>
  </testcase> <!-- mobilesignInLoan -->
  <testcase name="loginAPIHomeLoan" classname="TestNg_Tutorial.Test4">
    <skipped/>
  </testcase> <!-- loginAPIHomeLoan -->
  <testcase name="webLoginHomeLoan" classname="TestNg_Tutorial.Test4">
    <skipped/>
  </testcase> <!-- webLoginHomeLoan -->
</testsuite> <!-- TestNg_Tutorial.Test4 -->
